0 info it worked if it ends with ok
1 verbose cli [ '/usr/bin/nodejs',
1 verbose cli   '/usr/bin/npm',
1 verbose cli   'install',
1 verbose cli   '-g',
1 verbose cli   'typescript' ]
2 info using npm@3.5.2
3 info using node@v4.2.6
4 silly loadCurrentTree Starting
5 silly install loadCurrentTree
6 silly install readGlobalPackageData
7 silly fetchPackageMetaData typescript
8 silly fetchNamedPackageData typescript
9 silly mapToRegistry name typescript
10 silly mapToRegistry using default registry
11 silly mapToRegistry registry https://registry.npmjs.org/
12 silly mapToRegistry uri https://registry.npmjs.org/typescript
13 verbose request uri https://registry.npmjs.org/typescript
14 verbose request no auth needed
15 info attempt registry request try #1 at 10:48:02 PM
16 verbose request id ef5b2981f31b057d
17 verbose etag W/"6cbf71b70ca391e20675367abfa8bd98"
18 verbose lastModified Sat, 11 Jan 2020 07:14:55 GMT
19 http request GET https://registry.npmjs.org/typescript
20 http 200 https://registry.npmjs.org/typescript
21 verbose headers { date: 'Wed, 15 Jan 2020 15:48:02 GMT',
21 verbose headers   'content-type': 'application/json',
21 verbose headers   'transfer-encoding': 'chunked',
21 verbose headers   connection: 'keep-alive',
21 verbose headers   'set-cookie': [ '__cfduid=d4d35c23a43e21808568ae153316fbf011579103282; expires=Fri, 14-Feb-20 15:48:02 GMT; path=/; domain=.npmjs.org; HttpOnly; SameSite=Lax' ],
21 verbose headers   'cf-ray': '5558fddd8e5dd93e-HKG',
21 verbose headers   age: '860',
21 verbose headers   'cache-control': 'public, max-age=300',
21 verbose headers   etag: 'W/"6fd82f0058761fca421a7b4dbdafc5dc"',
21 verbose headers   'last-modified': 'Wed, 15 Jan 2020 07:14:39 GMT',
21 verbose headers   vary: 'accept-encoding, accept',
21 verbose headers   'cf-cache-status': 'HIT',
21 verbose headers   'expect-ct': 'max-age=604800, report-uri="https://report-uri.cloudflare.com/cdn-cgi/beacon/expect-ct"',
21 verbose headers   server: 'cloudflare',
21 verbose headers   'content-encoding': 'gzip' }
22 silly get cb [ 200,
22 silly get   { date: 'Wed, 15 Jan 2020 15:48:02 GMT',
22 silly get     'content-type': 'application/json',
22 silly get     'transfer-encoding': 'chunked',
22 silly get     connection: 'keep-alive',
22 silly get     'set-cookie': [ '__cfduid=d4d35c23a43e21808568ae153316fbf011579103282; expires=Fri, 14-Feb-20 15:48:02 GMT; path=/; domain=.npmjs.org; HttpOnly; SameSite=Lax' ],
22 silly get     'cf-ray': '5558fddd8e5dd93e-HKG',
22 silly get     age: '860',
22 silly get     'cache-control': 'public, max-age=300',
22 silly get     etag: 'W/"6fd82f0058761fca421a7b4dbdafc5dc"',
22 silly get     'last-modified': 'Wed, 15 Jan 2020 07:14:39 GMT',
22 silly get     vary: 'accept-encoding, accept',
22 silly get     'cf-cache-status': 'HIT',
22 silly get     'expect-ct': 'max-age=604800, report-uri="https://report-uri.cloudflare.com/cdn-cgi/beacon/expect-ct"',
22 silly get     server: 'cloudflare',
22 silly get     'content-encoding': 'gzip' } ]
23 verbose get saving typescript to /home/phuong/.npm/registry.npmjs.org/typescript/.cache.json
24 silly install normalizeTree
25 silly loadCurrentTree Finishing
26 silly loadIdealTree Starting
27 silly install loadIdealTree
28 silly cloneCurrentTree Starting
29 silly install cloneCurrentTreeToIdealTree
30 silly cloneCurrentTree Finishing
31 silly loadShrinkwrap Starting
32 silly install loadShrinkwrap
33 silly loadShrinkwrap Finishing
34 silly loadAllDepsIntoIdealTree Starting
35 silly install loadAllDepsIntoIdealTree
36 silly resolveWithNewModule typescript@3.7.4 checking installable status
37 silly cache add args [ 'typescript', null ]
38 verbose cache add spec typescript
39 silly cache add parsed spec Result {
39 silly cache add   raw: 'typescript',
39 silly cache add   scope: null,
39 silly cache add   name: 'typescript',
39 silly cache add   rawSpec: '',
39 silly cache add   spec: 'latest',
39 silly cache add   type: 'tag' }
40 silly addNamed typescript@latest
41 verbose addNamed "latest" is being treated as a dist-tag for typescript
42 info addNameTag [ 'typescript', 'latest' ]
43 silly mapToRegistry name typescript
44 silly mapToRegistry using default registry
45 silly mapToRegistry registry https://registry.npmjs.org/
46 silly mapToRegistry uri https://registry.npmjs.org/typescript
47 verbose addNameTag registry:https://registry.npmjs.org/typescript not in flight; fetching
48 verbose get https://registry.npmjs.org/typescript not expired, no request
49 silly addNameTag next cb for typescript with tag latest
50 silly addNamed typescript@3.7.4
51 verbose addNamed "3.7.4" is a plain semver version for typescript
52 silly cache afterAdd typescript@3.7.4
53 verbose afterAdd /home/phuong/.npm/typescript/3.7.4/package/package.json not in flight; writing
54 verbose afterAdd /home/phuong/.npm/typescript/3.7.4/package/package.json written
55 silly loadAllDepsIntoIdealTree Finishing
56 silly idealTree:prePrune lib
56 silly idealTree:prePrune └── typescript@3.7.4
57 silly loadIdealTree Finishing
58 silly currentTree lib
59 silly idealTree lib
59 silly idealTree └── typescript@3.7.4
60 silly generateActionsToTake Starting
61 silly install generateActionsToTake
62 warn checkPermissions Missing write access to /usr/local/lib
63 silly rollbackFailedOptional Starting
64 silly rollbackFailedOptional Finishing
65 silly runTopLevelLifecycles Starting
66 silly runTopLevelLifecycles Finishing
67 silly install printInstalled
68 verbose stack Error: EACCES: permission denied, access '/usr/local/lib'
68 verbose stack     at Error (native)
69 verbose cwd /home/phuong/Documents/BTFrontEnd/ts-exercise-1
70 error Linux 4.15.0-74-generic
71 error argv "/usr/bin/nodejs" "/usr/bin/npm" "install" "-g" "typescript"
72 error node v4.2.6
73 error npm  v3.5.2
74 error path /usr/local/lib
75 error code EACCES
76 error errno -13
77 error syscall access
78 error Error: EACCES: permission denied, access '/usr/local/lib'
78 error     at Error (native)
78 error  { [Error: EACCES: permission denied, access '/usr/local/lib']
78 error   errno: -13,
78 error   code: 'EACCES',
78 error   syscall: 'access',
78 error   path: '/usr/local/lib' }
79 error Please try running this command again as root/Administrator.
80 verbose exit [ -13, true ]
